<?xml version="1.0" encoding="UTF-8"?>
<testsuite name="com.toolbox.modbus.tcplistener.TcpListenerApplicationTests" tests="1" skipped="0" failures="0" errors="0" timestamp="2023-10-15T05:28:21" hostname="Matts-MBP.attlocal.net" time="0.407">
  <properties/>
  <testcase name="contextLoads()" classname="com.toolbox.modbus.tcplistener.TcpListenerApplicationTests" time="0.407"/>
  <system-out><![CDATA[00:28:20.518 [Test worker] INFO org.springframework.test.context.support.AnnotationConfigContextLoaderUtils -- Could not detect default configuration classes for test class [com.toolbox.modbus.tcplistener.TcpListenerApplicationTests]: TcpListenerApplicationTests does not declare any static, non-private, non-final, nested classes annotated with @Configuration.
00:28:20.569 [Test worker] INFO org.springframework.boot.test.context.SpringBootTestContextBootstrapper -- Found @SpringBootConfiguration com.toolbox.modbus.tcplistener.TcpListenerApplication for test class com.toolbox.modbus.tcplistener.TcpListenerApplicationTests

  .   ____          _            __ _ _
 /\\ / ___'_ __ _ _(_)_ __  __ _ \ \ \ \
( ( )\___ | '_ | '_| | '_ \/ _` | \ \ \ \
 \\/  ___)| |_)| | | | | || (_| |  ) ) ) )
  '  |____| .__|_| |_|_| |_\__, | / / / /
 =========|_|==============|___/=/_/_/_/
 :: Spring Boot ::                (v3.1.2)

2023-10-15T00:28:20.726-05:00  INFO 41811 --- [    Test worker] c.t.m.t.TcpListenerApplicationTests      : Starting TcpListenerApplicationTests using Java 19.0.2 with PID 41811 (started by mattturner in /Users/mattturner/Projects/modbus-api)
2023-10-15T00:28:20.727-05:00  INFO 41811 --- [    Test worker] c.t.m.t.TcpListenerApplicationTests      : No active profile set, falling back to 1 default profile: "default"
2023-10-15T00:28:21.181-05:00  INFO 41811 --- [    Test worker] c.t.m.t.TcpListenerApplicationTests      : Started TcpListenerApplicationTests in 0.558 seconds (process running for 1.038)
]]></system-out>
  <system-err><![CDATA[]]></system-err>
</testsuite>
