<?xml version="1.0" encoding="UTF-8"?>
<testsuite name="com.toolbox.modbus.modbusapi.ModbusClientTest" tests="11" skipped="0" failures="0" errors="0" timestamp="2023-10-18T05:23:40" hostname="Matts-MBP.attlocal.net" time="4.101">
  <properties/>
  <testcase name="testWhenConvertingBetweenStringAndRegisters()" classname="com.toolbox.modbus.modbusapi.ModbusClientTest" time="0.016"/>
  <testcase name="testWhenConvertingStringToByteWhereStringHasCharacterNotEqualToOneOrZero()" classname="com.toolbox.modbus.modbusapi.ModbusClientTest" time="0.002"/>
  <testcase name="testWhenReadingAndWritingStringRegistersWithEvenLengthOfCharacters()" classname="com.toolbox.modbus.modbusapi.ModbusClientTest" time="0.008"/>
  <testcase name="testWhenConvertingBetweenLongAndRegisters()" classname="com.toolbox.modbus.modbusapi.ModbusClientTest" time="0.001"/>
  <testcase name="testPollingWhenExpectedValueMatchesWatchValue()" classname="com.toolbox.modbus.modbusapi.ModbusClientTest" time="0.004"/>
  <testcase name="testWhenConvertingStringToByteWhereStringHasMoreThanEightCharacters()" classname="com.toolbox.modbus.modbusapi.ModbusClientTest" time="0.003"/>
  <testcase name="testWhenReadingAndWritingStringRegistersWithOddLengthOfCharacters()" classname="com.toolbox.modbus.modbusapi.ModbusClientTest" time="0.002"/>
  <testcase name="testPollWhenTimeoutExpected()" classname="com.toolbox.modbus.modbusapi.ModbusClientTest" time="3.013"/>
  <testcase name="testWhenConvertingStringToByteWhereStringIsValid()" classname="com.toolbox.modbus.modbusapi.ModbusClientTest" time="0.002"/>
  <testcase name="whenWritingHighByteToRegisterThenLowByteIsPersistedAndHighByteIsUpdatedWithNewValue()" classname="com.toolbox.modbus.modbusapi.ModbusClientTest" time="0.532"/>
  <testcase name="whenWritingLowByteToRegisterThenHighByteIsPersistedAndLowByteIsUpdatedWithNewValue()" classname="com.toolbox.modbus.modbusapi.ModbusClientTest" time="0.506"/>
  <system-out><![CDATA[]]></system-out>
  <system-err><![CDATA[]]></system-err>
</testsuite>
