<?xml version="1.0" encoding="UTF-8"?>
<testsuite name="com.toolbox.modbus.modbusapi.ModbusApiApplicationTest" tests="1" skipped="0" failures="0" errors="0" timestamp="2023-10-16T01:26:40" hostname="Matts-MBP.attlocal.net" time="0.415">
  <properties/>
  <testcase name="contextLoads()" classname="com.toolbox.modbus.modbusapi.ModbusApiApplicationTest" time="0.415"/>
  <system-out><![CDATA[20:26:39.538 [Test worker] INFO org.springframework.test.context.support.AnnotationConfigContextLoaderUtils -- Could not detect default configuration classes for test class [com.toolbox.modbus.modbusapi.ModbusApiApplicationTest]: ModbusApiApplicationTest does not declare any static, non-private, non-final, nested classes annotated with @Configuration.
20:26:39.592 [Test worker] INFO org.springframework.boot.test.context.SpringBootTestContextBootstrapper -- Found @SpringBootConfiguration com.toolbox.modbus.modbusapi.ModbusApiApplication for test class com.toolbox.modbus.modbusapi.ModbusApiApplicationTest

  .   ____          _            __ _ _
 /\\ / ___'_ __ _ _(_)_ __  __ _ \ \ \ \
( ( )\___ | '_ | '_| | '_ \/ _` | \ \ \ \
 \\/  ___)| |_)| | | | | || (_| |  ) ) ) )
  '  |____| .__|_| |_|_| |_\__, | / / / /
 =========|_|==============|___/=/_/_/_/
 :: Spring Boot ::                (v3.1.2)

2023-10-15T20:26:39.771-05:00  INFO 60530 --- [    Test worker] c.t.m.m.ModbusApiApplicationTest         : Starting ModbusApiApplicationTest using Java 19.0.2 with PID 60530 (started by mattturner in /Users/mattturner/Projects/modbus-api)
2023-10-15T20:26:39.771-05:00  INFO 60530 --- [    Test worker] c.t.m.m.ModbusApiApplicationTest         : No active profile set, falling back to 1 default profile: "default"
2023-10-15T20:26:40.276-05:00  INFO 60530 --- [    Test worker] c.t.m.m.ModbusApiApplicationTest         : Started ModbusApiApplicationTest in 0.625 seconds (process running for 1.084)
]]></system-out>
  <system-err><![CDATA[]]></system-err>
</testsuite>
